9805851 9805852
9805852 9805853
9805853 9805854
9805854 9805855
9805855 9805856
9805856 9805857
9805857 9805858
9805858 9805859
9805859 9805860
9805860 9805861
9805861 9805862
9805862 9805863
9805863 9805864
9805864 9805865
9805865 9805866
9805866 9805867
9805867 9805868
9805868 9805869
9805869 9805870
9805870 9805871
9805871 9805872
9805872 9805873
9805873 9805874
9805874 9805875
9805875 9805876
9805876 9805877
9805877 9805878
9805878 9805879
9805879 9805880
9805880 9805881
9805881 9805882
9805882 9805883
9805883 9805884
9805884 9805885
9805885 9805886
9805886 9805887
9805887 9805888
9805888 9805889
9805889 9805890
9805890 9805891
9805891 9805892
9805892 9805893
9805893 9805894
9805894 9805895
9805895 9805896
9805896 9805897
9805897 9805898
9805898 9805899
9805899 9805900
9805900 9805901
9805901 9805902
9805902 9805903
9805903 9805904
9805904 9805905
9805905 9805906
9805906 9805907
9805907 9805908
9805908 9805909
9805909 9805910
9805910 9805911
9805911 9805912
9805912 9805913
9805913 9805914
9805914 9805915
9805915 9805916
9805916 9805917
9805917 9805918
9805918 9805919
9805919 9805920
9805920 9805921
9805921 9805922
9805922 9805923
9805923 9805924
9805924 9805925
9805925 9805926
9805926 9805927
9805927 9805928
9805928 9805929
9805929 9805930
9805930 9805931
9805931 9805932
9805932 9805933
9805933 9805934
9805934 9805935
9805935 9805936
9805936 9805937
9805937 9805938
9805938 9805939
9805939 9805940
9805940 9805941
9805941 9805942
9805942 9805943
9805943 9805944
9805944 9805945
9805945 9805946
9805946 9805947
9805947 9805948
9805948 9805949
9805949 9805950
9805950 9805951
9805951 9805952
9805952 9805953
9805953 9805954
9805954 9805955
9805955 9805956
9805956 9805957
9805957 9805958
9805958 9805959
9805959 9805960
9805960 9805961
9805961 9805962
9805962 9805963
9805963 9805964
9805964 9805965
9805965 9805966
9805966 9805967
9805967 9805968
9805968 9805969
9805969 9805970
9805970 9805971
9805971 9805972
9805972 9805973
9805973 9805974
9805974 9805975
9805975 9805976
9805976 9805977
9805977 9805978
9805978 9805979
9805979 9805980
9805980 9805981
9805981 9805982
9805982 9805983
9805983 9805984
9805984 9805985
9805985 9805986
9805986 9805987
9805987 9805988
9805988 9805989
9805989 9805990
9805990 9805991
9805991 9805992
9805992 9805993
9805993 9805994
9805994 9805995
9805995 9805996
9805996 9805997
9805997 9805998
9805998 9805999
9805999 9806000
9806000 9806001
9806001 9806002
9806002 9806003
9806003 9806004
9806004 9806005
9806005 9806006
9806006 9806007
9806007 9806008
9806008 9806009
9806009 9806010
9806010 9806011
9806011 9806012
9806012 9806013
9806013 9806014
9806014 9806015
9806015 9806016
9806016 9806017
9806017 9806018
9806018 9806019
9806019 9806020
9806020 9806021
9806021 9806022
9806022 9806023
9806023 9806024
9806024 9806025
9806025 9806026
9806026 9806027
9806027 9806028
9806028 9806029
9806029 9806030
9806030 9806031
9806031 9806032
9806032 9806033
9806033 9806034
9806034 9806035
9806035 9806036
9806036 9806037
9806037 9806038
9806038 9806039
9806039 9806040
9806040 9806041
9806041 9806042
9806042 9806043
9806043 9806044
9806044 9806045
9806045 9806046
9806046 9806047
9806047 9806048
9806048 9806049
9806049 9806050
9806050 9806051
9806051 9806052
9806052 9806053
9806053 9806054
9806054 9806055
9806055 9806056
9806056 9806057
9806057 9806058
9806058 9806059
9806059 9806060
9806060 9806061
9806061 9806062
9806062 9806063
9806063 9806064
9806064 9806065
9806065 9806066
9806066 9806067
9806067 9806068
9806068 9806069
9806069 9806070
9806070 9806071
9806071 9806072
9806072 9806073
9806073 9806074
9806074 9806075
9806075 9806076
9806076 9806077
9806077 9806078
9806078 9806079
9806079 9806080
9806080 9806081
9806081 9806082
9806082 9806083
9806083 9806084
9806084 9806085
9806085 9806086
9806086 9806087
9806087 9806088
9806088 9806089
9806089 9806090
9806090 9806091
9806091 9806092
9806092 9806093
9806093 9806094
9806094 9806095
9806095 9806096
9806096 9806097
9806097 9806098
9806098 9806099
9806099 9806100
9806100 9806101
9806101 9806102
9806102 9806103
9806103 9806104
9806104 9806105
9806105 9806106
9806106 9806107
9806107 9806108
9806108 9806109
9806109 9806110
9806110 9806111
9806111 9806112
9806112 9806113
9806113 9806114
9806114 9806115
9806115 9806116
9806116 9806117
9806117 9806118
9806118 9806119
9806119 9806120
9806120 9806121
9806121 9806122
9806122 9806123
9806123 9806124
9806124 9806125
9806125 9806126
9806126 9806127
9806127 9806128
9806128 9806129
9806129 9806130
9806130 9806131
9806131 9806132
9806132 9806133
9806133 9806134
9806134 9806135
9806135 9806136
9806136 9806137
9806137 9806138
9806138 9806139
9806139 9806140
9806140 9806141
9806141 9806142
9806142 9806143
9806143 9806144
9806144 9806145
9806145 9806146
9806146 9806147
9806147 9806148
9806148 9806149
9806149 9806150
9806150 9806151
9806151 9806152
9806152 9806153
9806153 9806154
9806154 9806155
9806155 9806156
9806156 9806157
9806157 9806158
9806158 9806159
9806159 9806160
9806160 9806161
9806161 9806162
9806162 9806163
9806163 9806164
9806164 9806165
9806165 9806166
9806166 9806167
9806167 9806168
9806168 9806169
9806169 9806170
9806170 9806171
9806171 9806172
9806172 9806173
9806173 9806174
9806174 9806175
9806175 9806176
9806176 9806177
9806177 9806178
9806178 9806179
9806179 9806180
9806180 9806181
9806181 9806182
9806182 9806183
9806183 9806184
9806184 9806185
9806185 9806186
9806186 9806187
9806187 9806188
9806188 9806189
9806189 9806190
9806190 9806191
9806191 9806192
9806192 9806193
9806193 9806194
9806194 9806195
9806195 9806196
9806196 9806197
9806197 9806198
9806198 9806199
9806199 9806200
9806200 9806201
9806201 9806202
9806202 9806203
9806203 9806204
9806204 9806205
9806205 9806206
9806206 9806207
9806207 9806208
9806208 9806209
9806209 9806210
9806210 9806211
9806211 9806212
9806212 9806213
9806213 9806214
9806214 9806215
9806215 9806216
9806216 9806217
9806217 9806218
9806218 9806219
9806219 9806220
9806220 9806221
9806221 9806222
9806222 9806223
9806223 9806224
9806224 9806225
9806225 9806226
9806226 9806227
9806227 9806228
9806228 9806229
9806229 9806230
9806230 9806231
9806231 9806232
9806232 9806233
9806233 9806234
9806234 9806235
9806235 9806236
9806236 9806237
9806237 9806238
9806238 9806239
9806239 9806240
9806240 9806241
9806241 9806242
9806242 9806243
9806243 9806244
9806244 9806245
9806245 9806246
9806246 9806247
9806247 9806248
9806248 9806249
9806249 9806250
9806250 9806251
9806251 9806252
9806252 9806253
9806253 9806254
9806254 9806255
9806255 9806256
9806256 9806257
9806257 9806258
9806258 9806259
9806259 9806260
9806260 9806261
9806261 9806262
9806262 9806263
9806263 9806264
9806264 9806265
9806265 9806266
9806266 9806267
9806267 9806268
9806268 9806269
9806269 9806270
9806270 9806271
9806271 9806272
9806272 9806273
9806273 9806274
9806274 9806275
9806275 9806276
9806276 9806277
9806277 9806278
9806278 9806279
9806279 9806280
9806280 9806281
9806281 9806282
9806282 9806283
9806283 9806284
9806284 9806285
9806285 9806286
9806286 9806287
9806287 9806288
9806288 9806289
9806289 9806290
9806290 9806291
9806291 9806292
9806292 9806293
9806293 9806294
9806294 9806295
9806295 9806296
9806296 9806297
9806297 9806298
9806298 9806299
9806299 9806300
9806300 9806301
9806301 9806302
9806302 9806303
9806303 9806304
9806304 9806305
9806305 9806306
9806306 9806307
9806307 9806308
9806308 9806309
9806309 9806310
9806310 9806311
9806311 9806312
9806312 9806313
9806313 9806314
9806314 9806315
9806315 9806316
9806316 9806317
9806317 9806318
9806318 9806319
9806319 9806320
9806320 9806321
9806321 9806322
9806322 9806323
9806323 9806324
9806324 9806325
9806325 9806326
9806326 9806327
9806327 9806328
9806328 9806329
9806329 9806330
9806330 9806331
9806331 9806332
9806332 9806333
9806333 9806334
9806334 9806335
9806335 9806336
9806336 9806337
9806337 9806338
9806338 9806339
9806339 9806340
9806340 9806341
9806341 9806342
9806342 9806343
9806343 9806344
9806344 9806345
9806345 9806346
9806346 9806347
9806347 9806348
9806348 9806349
9806349 9806350
9806350 9806351
9806351 9806352
9806352 9806353
9806353 9806354
9806354 9806355
9806355 9806356
9806356 9806357
9806357 9806358
9806358 9806359
9806359 9806360
9806360 9806361
9806361 9806362
9806362 9806363
9806363 9806364
9806364 9806365
9806365 9806366
9806366 9806367
9806367 9806368
9806368 9806369
9806369 9806370
9806370 9806371
9806371 9806372
9806372 9806373
9806373 9806374
9806374 9806375
9806375 9806376
9806376 9806377
9806377 9806378
9806378 9806379
9806379 9806380
9806380 9806381
9806381 9806382
9806382 9806383
9806383 9806384
9806384 9806385
9806385 9806386
9806386 9806387
9806387 9806388
9806388 9806389
9806389 9806390
9806390 9806391
9806391 9806392
9806392 9806393
9806393 9806394
9806394 49183138
