8940 8941
8941 8942
8942 8943
8943 8944
8944 8945
8945 8946
8946 8947
8947 8948
8948 8949
8949 8950
8950 8951
8951 8952
8952 8953
8953 8954
8954 8955
8955 8956
8956 8957
8957 8958
8958 8959
8959 8960
8960 8961
8961 8962
8962 8963
8963 8964
8964 8965
8965 8966
8966 8967
8967 8968
8968 8969
8969 8970
8970 8971
8971 8972
8972 8973
8973 8974
8974 8975
8975 8976
8976 8977
8977 8978
8978 8979
8979 8980
8980 8981
8981 8982
8982 8983
8983 8984
8984 8985
8985 8986
8986 8987
8987 8988
8988 8989
8989 8990
8990 8991
8991 8992
8992 8993
8993 8994
8994 8995
8995 8996
8996 8997
8997 8998
8998 8999
8999 9000
9000 9001
9001 9002
9002 9003
9003 9004
9004 9005
9005 9006
9006 9007
9007 9008
9008 9009
9009 9010
9010 9011
9011 9012
9012 9013
9013 9014
9014 9015
9015 9016
9016 9017
9017 9018
9018 9019
9019 9020
9020 9021
81396483 81396484
81414528 81414529
81432575 81432576
81450624 81450625
81468675 81468676
81486728 81486729
81504783 81504784
81522840 81522841
81540899 81540900
81558960 81558961
81577023 81577024
81595088 81595089
81613155 81613156
81631224 81631225
81649295 81649296
81667368 81667369
81685443 81685444
81703520 81703521
81721599 81721600
81739680 81739681
81757763 81757764
81775848 81775849
81793935 81793936
81812024 81812025
81830115 81830116
81848208 81848209
81866303 81866304
81884400 81884401
81902499 81902500
81920600 81920601
81938703 81938704
81956808 81956809
81974915 81974916
81993024 81993025
82011135 82011136
82029248 82029249
82047363 82047364
82065480 82065481
82083599 82083600
82101720 82101721
82119843 82119844
82137968 82137969
82156095 82156096
82174224 82174225
82192355 82192356
82210488 82210489
82228623 82228624
82246760 82246761
82264899 82264900
82283040 82283041
82301183 82301184
82319328 82319329
82337475 82337476
82355624 82355625
82373775 82373776
82391928 82391929
82410083 82410084
82428240 82428241
82446399 82446400
82464560 82464561
82482723 82482724
82500888 82500889
82519055 82519056
82537224 82537225
82555395 82555396
82573568 82573569
82591743 82591744
82609920 82609921
82628099 82628100
82646280 82646281
82664463 82664464
82682648 82682649
82700835 82700836
82719024 82719025
82737215 82737216
82755408 82755409
82773603 82773604
82791800 82791801
82809999 82810000
82828200 82828201
82846403 82846404
82864608 82864609
82882815 82882816
82901024 82901025
82919235 82919236
82937448 82937449
82955663 82955664
82973880 82973881
82992099 82992100
83010320 83010321
83028543 83028544
83046768 83046769
83064995 83064996
83083224 83083225
83101455 83101456
83119688 83119689
83137923 83137924
83156160 83156161
83174399 83174400
83192640 83192641
83210883 83210884
83229128 83229129
83247375 83247376
83265624 83265625
83283875 83283876
83302128 83302129
83320383 83320384
83338640 83338641
83356899 83356900
83375160 83375161
83393423 83393424
83411688 83411689
83429955 83429956
83448224 83448225
83466495 83466496
83484768 83484769
83503043 83503044
83521320 83521321
83539599 83539600
83557880 83557881
83576163 83576164
83594448 83594449
83612735 83612736
83631024 83631025
83649315 83649316
83667608 83667609
83685903 83685904
83704200 83704201
83722499 83722500
83740800 83740801
83759103 83759104
83777408 83777409
83795715 83795716
83814024 83814025
83832335 83832336
83850648 83850649
83868963 83868964
83887280 83887281
83905599 83905600
83923920 83923921
83942243 83942244
83960568 83960569
83978895 83978896
83997224 83997225
84015555 84015556
84033888 84033889
84052223 84052224
84070560 84070561
84088899 84088900
84107240 84107241
84125583 84125584
84143928 84143929
84162275 84162276
84180624 84180625
84198975 84198976
84217328 84217329
84235683 84235684
84254040 84254041
84272399 84272400
84290760 84290761
84309123 84309124
84327488 84327489
84345855 84345856
84364224 84364225
84382595 84382596
84400968 84400969
84419343 84419344
84437720 84437721
84456099 84456100
84474480 84474481
84492863 84492864
84511248 84511249
84529635 84529636
84548024 84548025
84566415 84566416
84584808 84584809
84603203 84603204
84621600 84621601
84639999 84640000
84658400 84658401
84676803 84676804
84695208 84695209
84713615 84713616
84732024 84732025
84750435 84750436
84768848 84768849
84787263 84787264
84805680 84805681
84824099 84824100
84842520 84842521
84860943 84860944
84879368 84879369
84897795 84897796
84916224 84916225
84934655 84934656
84953088 84953089
84971523 84971524
84989960 84989961
85008399 85008400
85026840 85026841
85045283 85045284
85063728 85063729
85082175 85082176
85100624 85100625
85119075 85119076
85137528 85137529
85155983 85155984
85174440 85174441
85192899 85192900
85211360 85211361
85229823 85229824
85248288 85248289
85266755 85266756
85285224 85285225
85303695 85303696
85322168 85322169
85340643 85340644
85359120 85359121
85377599 85377600
85396080 85396081
85414563 85414564
85433048 85433049
85451535 85451536
85470024 85470025
85488515 85488516
85507008 85507009
85525503 85525504
85544000 85544001
85562499 85562500
85581000 85581001
85599503 85599504
85618008 85618009
85636515 85636516
85655024 85655025
85673535 85673536
85692048 85692049
85710563 85710564
85729080 85729081
85747599 85747600
85766120 85766121
85784643 85784644
85803168 85803169
85821695 85821696
85840224 85840225
85858755 85858756
85877288 85877289
85895823 85895824
85914360 85914361
85932899 85932900
85951440 85951441
85969983 85969984
85988528 85988529
86007075 86007076
86025624 86025625
86044175 86044176
86062728 86062729
9277 9278
