86613815 86613816
86613816 86613817
86613817 86613818
86613818 86613819
86613819 86613820
86613820 86613821
86613821 86613822
86613822 86613823
86613823 86613824
86613824 86613825
86613825 86613826
86613826 86613827
86613827 86613828
86613828 86613829
86613829 86613830
86613830 86613831
86613831 86613832
86613832 86613833
86613833 86613834
86613834 86613835
86613835 86613836
86613836 86613837
86613837 86613838
86613838 86613839
86613839 86613840
86613840 86613841
86613841 86613842
86613842 86613843
86613843 86613844
86613844 86613845
86613845 86613846
86613846 86613847
86613847 86613848
86613848 86613849
86613849 86613850
86613850 86613851
86613851 86613852
86613852 86613853
86613853 86613854
86613854 86613855
86613855 86613856
86613856 86613857
86613857 86613858
86613858 86613859
86613859 86613860
86613860 86613861
86613861 86613862
86613862 86613863
86613863 86613864
86613864 86613865
86613865 86613866
86613866 86613867
86613867 86613868
86613868 86613869
86613869 86613870
86613870 86613871
86613871 86613872
86613872 86613873
86613873 86613874
86613874 86613875
86613875 86613876
86613876 86613877
86613877 86613878
86613878 86613879
86613879 86613880
86613880 86613881
86613881 86613882
86613882 86613883
86613883 86613884
86613884 86613885
86613885 86613886
86613886 86613887
86613887 86613888
86613888 86613889
86613889 86613890
86613890 86613891
86613891 86613892
86613892 86613893
86613893 86613894
86613894 86613895
86613895 86613896
86613896 86613897
86613897 86613898
86613898 86613899
86613899 86613900
86613900 86613901
86613901 86613902
86613902 86613903
86613903 86613904
86613904 86613905
86613905 86613906
86613906 86613907
86613907 86613908
86613908 86613909
86613909 86613910
86613910 86613911
86613911 86613912
86613912 86613913
86613913 86613914
86613914 86613915
86613915 86613916
86613916 86613917
86613917 86613918
86613918 86613919
86613919 86613920
86613920 86613921
86613921 86613922
86613922 86613923
86613923 86613924
86613924 86613925
86613925 86613926
86613926 86613927
86613927 86613928
86613928 86613929
86613929 86613930
86613930 86613931
86613931 86613932
86613932 86613933
86613933 86613934
86613934 86613935
86613935 86613936
86613936 86613937
86613937 86613938
86613938 86613939
86613939 86613940
86613940 86613941
86613941 86613942
86613942 86613943
86613943 86613944
86613944 86613945
86613945 86613946
86613946 86613947
86613947 86613948
86613948 86613949
86613949 86613950
86613950 86613951
86613951 86613952
86613952 86613953
86613953 86613954
86613954 86613955
86613955 86613956
86613956 86613957
86613957 86613958
86613958 86613959
86613959 86613960
86613960 86613961
86613961 86613962
86613962 86613963
86613963 86613964
86613964 86613965
86613965 86613966
86613966 86613967
86613967 86613968
86613968 86613969
86613969 86613970
86613970 86613971
86613971 86613972
86613972 86613973
86613973 86613974
86613974 86613975
86613975 86613976
86613976 86613977
86613977 86613978
86613978 86613979
86613979 86613980
86613980 86613981
86613981 86613982
86613982 86613983
86613983 86613984
86613984 86613985
86613985 86613986
86613986 86613987
86613987 86613988
86613988 86613989
86613989 86613990
86613990 86613991
86613991 86613992
86613992 86613993
86613993 86613994
86613994 86613995
86613995 86613996
86613996 86613997
86613997 86613998
86613998 86613999
86613999 86614000
86614000 86614001
86614001 86614002
86614002 86614003
86614003 86614004
86614004 86614005
86614005 86614006
86614006 86614007
86614007 86614008
86614008 86614009
86614009 86614010
86614010 86614011
86614011 86614012
86614012 86614013
86614013 86614014
86614014 86614015
86614015 86614016
86614016 86614017
86614017 86614018
86614018 86614019
86614019 86614020
86614020 86614021
86614021 86614022
86614022 86614023
86614023 86614024
86614024 86614025
86614025 86614026
86614026 86614027
86614027 86614028
86614028 86614029
86614029 86614030
86614030 86614031
86614031 86614032
86614032 86614033
86614033 86614034
86614034 86614035
86614035 86614036
86614036 86614037
86614037 86614038
86614038 86614039
86614039 86614040
86614040 86614041
86614041 86614042
86614042 86614043
86614043 86614044
86614044 86614045
86614045 86614046
86614046 86614047
86614047 86614048
86614048 86614049
86614049 86614050
86614050 86614051
86614051 86614052
86614052 86614053
86614053 86614054
86614054 86614055
86614055 86614056
86614056 86614057
86614057 86614058
86614058 86614059
86614059 86614060
86614060 86614061
86614061 86614062
86614062 86614063
86614063 86614064
86614064 86614065
86614065 86614066
86614066 86614067
86614067 86614068
86614068 86614069
86614069 86614070
86614070 86614071
86614071 86614072
86614072 86614073
86614073 86614074
86614074 86614075
86614075 86614076
86614076 86614077
86614077 86614078
86614078 86614079
86614079 86614080
86614080 86614081
86614081 86614082
86614082 86614083
86614083 86614084
86614084 86614085
86614085 86614086
86614086 86614087
86614087 86614088
86614088 86614089
86614089 86614090
86614090 86614091
86614091 86614092
86614092 86614093
86614093 86614094
86614094 86614095
86614095 86614096
86614096 86614097
86614097 86614098
86614098 86614099
86614099 86614100
86614100 86614101
86614101 86614102
86614102 86614103
86614103 86614104
86614104 86614105
86614105 86614106
86614106 86614107
86614107 86614108
86614108 86614109
86614109 86614110
86614110 86614111
86614111 86614112
86614112 86614113
86614113 86614114
86614114 86614115
86614115 86614116
86614116 86614117
86614117 86614118
86614118 86614119
86614119 86614120
86614120 86614121
86614121 86614122
86614122 86614123
86614123 86614124
86614124 86614125
86614125 86614126
86614126 86614127
86614127 86614128
86614128 86614129
86614129 86614130
86614130 86614131
86614131 86614132
86614132 86614133
86614133 86614134
86614134 86614135
86614135 86614136
86614136 86614137
86614137 86614138
86614138 86614139
86614139 86614140
86614140 86614141
86614141 86614142
86614142 86614143
86614143 86614144
86614144 86614145
86614145 86614146
86614146 86614147
86614147 86614148
86614148 86614149
86614149 86614150
86614150 86614151
86614151 86614152
86614152 86614153
86614153 86614154
86614154 86614155
86614155 86614156
86614156 86614157
86614157 86614158
86614158 86614159
86614159 86614160
86614160 86614161
86614161 86614162
86614162 86614163
86614163 86614164
86614164 86614165
86614165 86614166
86614166 86614167
86614167 86614168
86614168 86614169
86614169 86614170
86614170 86614171
86614171 86614172
86614172 86614173
86614173 86614174
86614174 86614175
86614175 86614176
86614176 86614177
86614177 86614178
86614178 86614179
86614179 86614180
86614180 86614181
86614181 86614182
86614182 86614183
86614183 86614184
86614184 86614185
86614185 86614186
86614186 86614187
86614187 86614188
86614188 86614189
86614189 86614190
86614190 86614191
86614191 86614192
86614192 86614193
86614193 86614194
86614194 86614195
86614195 86614196
86614196 86614197
86614197 86614198
86614198 86614199
86614199 86614200
86614200 86614201
86614201 86614202
86614202 86614203
86614203 86614204
86614204 86614205
86614205 86614206
86614206 86614207
86614207 86614208
86614208 86614209
86614209 86614210
86614210 86614211
86614211 86614212
86614212 86614213
86614213 86614214
86614214 86614215
86614215 86614216
86614216 86614217
86614217 86614218
86614218 86614219
86614219 86614220
86614220 86614221
86614221 86614222
86614222 86614223
86614223 86614224
86614224 86614225
86614225 86614226
86614226 86614227
86614227 86614228
86614228 86614229
86614229 86614230
86614230 86614231
86614231 86614232
86614232 86614233
86614233 86614234
86614234 86614235
86614235 86614236
86614236 86614237
86614237 86614238
86614238 86614239
86614239 86614240
86614240 86614241
86614241 86614242
86614242 86614243
86614243 86614244
86614244 86614245
86614245 86614246
86614246 86614247
86614247 86614248
86614248 86614249
86614249 86614250
86614250 86614251
86614251 86614252
86614252 86614253
86614253 86614254
86614254 86614255
86614255 86614256
86614256 86614257
86614257 86614258
86614258 86614259
86614259 86614260
86614260 86614261
86614261 86614262
86614262 86614263
86614263 86614264
86614264 86614265
86614265 86614266
86614266 86614267
86614267 86614268
86614268 86614269
86614269 86614270
86614270 86614271
86614271 86614272
86614272 86614273
86614273 86614274
86614274 86614275
86614275 86614276
86614276 86614277
86614277 86614278
86614278 86614279
86614279 86614280
86614280 86614281
86614281 86614282
86614282 86614283
86614283 86614284
86614284 86614285
86614285 86614286
86614286 86614287
86614287 86614288
86614288 86614289
86614289 86614290
86614290 86614291
86614291 86614292
86614292 86614293
86614293 86614294
86614294 86614295
86614295 86614296
86614296 86614297
86614297 86614298
86614298 86614299
86614299 86614300
86614300 86614301
86614301 86614302
86614302 86614303
86614303 86614304
86614304 86614305
86614305 86614306
86614306 86614307
86614307 86614308
86614308 86614309
86614309 86614310
86614310 86614311
86614311 86614312
86614312 86614313
86614313 86614314
86614314 86614315
86614315 86614316
86614316 86614317
86614317 86614318
86614318 86614319
86614319 86614320
86614320 86614321
86614321 86614322
86614322 86614323
86614323 86614324
86614324 86614325
86614325 86614326
86614326 86614327
86614327 86614328
86614328 86614329
86614329 86614330
86614330 86614331
7502042507806223 7502042507806224
7502042681034888 7502042681034889
7502042854263555 7502042854263556
7502043027492224 7502043027492225
7502043200720895 7502043200720896
7502043373949568 7502043373949569
7502043547178243 7502043547178244
7502043720406920 7502043720406921
7502043893635599 7502043893635600
7502044066864280 7502044066864281
7502044240092963 7502044240092964
7502044413321648 7502044413321649
7502044586550335 7502044586550336
7502044759779024 7502044759779025
7502044933007715 7502044933007716
7502045106236408 7502045106236409
7502045279465103 7502045279465104
7502045452693800 7502045452693801
7502045625922499 7502045625922500
7502045799151200 7502045799151201
7502045972379903 7502045972379904
7502046145608608 7502046145608609
7502046318837315 7502046318837316
7502046492066024 7502046492066025
7502046665294735 7502046665294736
7502046838523448 7502046838523449
7502047011752163 7502047011752164
7502047184980880 7502047184980881
7502047358209599 7502047358209600
7502047531438320 7502047531438321
7502047704667043 7502047704667044
7502047877895768 7502047877895769
7502048051124495 7502048051124496
7502048224353224 7502048224353225
7502048397581955 7502048397581956
7502048570810688 7502048570810689
7502048744039423 7502048744039424
7502048917268160 7502048917268161
7502049090496899 7502049090496900
7502049263725640 7502049263725641
7502049436954383 7502049436954384
7502049610183128 7502049610183129
7502049783411875 7502049783411876
7502049956640624 7502049956640625
7502050129869375 7502050129869376
7502050303098128 7502050303098129
7502050476326883 7502050476326884
7502050649555640 7502050649555641
7502050822784399 7502050822784400
7502050996013160 7502050996013161
7502051169241923 7502051169241924
7502051342470688 7502051342470689
7502051515699455 7502051515699456
7502051688928224 7502051688928225
7502051862156995 7502051862156996
7502052035385768 7502052035385769
7502052208614543 7502052208614544
7502052381843320 7502052381843321
7502052555072099 7502052555072100
7502052728300880 7502052728300881
7502052901529663 7502052901529664
7502053074758448 7502053074758449
7502053247987235 7502053247987236
7502053421216024 7502053421216025
7502053594444815 7502053594444816
7502053767673608 7502053767673609
7502053940902403 7502053940902404
7502054114131200 7502054114131201
7502054287359999 7502054287360000
7502054460588800 7502054460588801
7502054633817603 7502054633817604
7502054807046408 7502054807046409
7502054980275215 7502054980275216
7502055153504024 7502055153504025
7502055326732835 7502055326732836
7502055499961648 7502055499961649
7502055673190463 7502055673190464
7502055846419280 7502055846419281
7502056019648099 7502056019648100
7502056192876920 7502056192876921
7502056366105743 7502056366105744
7502056539334568 7502056539334569
7502056712563395 7502056712563396
7502056885792224 7502056885792225
7502057059021055 7502057059021056
7502057232249888 7502057232249889
7502057405478723 7502057405478724
7502057578707560 7502057578707561
7502057751936399 7502057751936400
7502057925165240 7502057925165241
7502058098394083 7502058098394084
7502058271622928 7502058271622929
7502058444851775 7502058444851776
7502058618080624 7502058618080625
7502058791309475 7502058791309476
7502058964538328 7502058964538329
7502059137767183 7502059137767184
7502059310996040 7502059310996041
7502059484224899 7502059484224900
7502059657453760 7502059657453761
7502059830682623 7502059830682624
7502060003911488 7502060003911489
7502060177140355 7502060177140356
7502060350369224 7502060350369225
7502060523598095 7502060523598096
7502060696826968 7502060696826969
7502060870055843 7502060870055844
7502061043284720 7502061043284721
7502061216513599 7502061216513600
7502061389742480 7502061389742481
7502061562971363 7502061562971364
7502061736200248 7502061736200249
7502061909429135 7502061909429136
7502062082658024 7502062082658025
7502062255886915 7502062255886916
7502062429115808 7502062429115809
7502062602344703 7502062602344704
7502062775573600 7502062775573601
7502062948802499 7502062948802500
7502063122031400 7502063122031401
7502063295260303 7502063295260304
7502063468489208 7502063468489209
7502063641718115 7502063641718116
7502063814947024 7502063814947025
7502063988175935 7502063988175936
7502064161404848 7502064161404849
7502064334633763 7502064334633764
7502064507862680 7502064507862681
7502064681091599 7502064681091600
7502064854320520 7502064854320521
7502065027549443 7502065027549444
7502065200778368 7502065200778369
7502065374007295 7502065374007296
7502065547236224 7502065547236225
7502065720465155 7502065720465156
7502065893694088 7502065893694089
7502066066923023 7502066066923024
7502066240151960 7502066240151961
7502066413380899 7502066413380900
7502066586609840 7502066586609841
7502066759838783 7502066759838784
7502066933067728 7502066933067729
7502067106296675 7502067106296676
7502067279525624 7502067279525625
7502067452754575 7502067452754576
7502067625983528 7502067625983529
7502067799212483 7502067799212484
7502067972441440 7502067972441441
7502068145670399 7502068145670400
7502068318899360 7502068318899361
7502068492128323 7502068492128324
7502068665357288 7502068665357289
7502068838586255 7502068838586256
7502069011815224 7502069011815225
7502069185044195 7502069185044196
7502069358273168 7502069358273169
7502069531502143 7502069531502144
7502069704731120 7502069704731121
7502069877960099 7502069877960100
7502070051189080 7502070051189081
7502070224418063 7502070224418064
7502070397647048 7502070397647049
7502070570876035 7502070570876036
7502070744105024 7502070744105025
7502070917334015 7502070917334016
7502071090563008 7502071090563009
7502071263792003 7502071263792004
7502071437021000 7502071437021001
7502071610249999 7502071610250000
7502071783479000 7502071783479001
7502071956708003 7502071956708004
7502072129937008 7502072129937009
7502072303166015 7502072303166016
7502072476395024 7502072476395025
7502072649624035 7502072649624036
7502072822853048 7502072822853049
7502072996082063 7502072996082064
7502073169311080 7502073169311081
7502073342540099 7502073342540100
7502073515769120 7502073515769121
7502073688998143 7502073688998144
7502073862227168 7502073862227169
7502074035456195 7502074035456196
7502074208685224 7502074208685225
7502074381914255 7502074381914256
7502074555143288 7502074555143289
7502074728372323 7502074728372324
7502074901601360 7502074901601361
7502075074830399 7502075074830400
7502075248059440 7502075248059441
7502075421288483 7502075421288484
7502075594517528 7502075594517529
7502075767746575 7502075767746576
7502075940975624 7502075940975625
7502076114204675 7502076114204676
7502076287433728 7502076287433729
7502076460662783 7502076460662784
7502076633891840 7502076633891841
7502076807120899 7502076807120900
7502076980349960 7502076980349961
7502077153579023 7502077153579024
7502077326808088 7502077326808089
7502077500037155 7502077500037156
7502077673266224 7502077673266225
7502077846495295 7502077846495296
7502078019724368 7502078019724369
7502078192953443 7502078192953444
7502078366182520 7502078366182521
7502078539411599 7502078539411600
7502078712640680 7502078712640681
7502078885869763 7502078885869764
7502079059098848 7502079059098849
7502079232327935 7502079232327936
7502079405557024 7502079405557025
7502079578786115 7502079578786116
7502079752015208 7502079752015209
7502079925244303 7502079925244304
7502080098473400 7502080098473401
7502080271702499 7502080271702500
7502080444931600 7502080444931601
7502080618160703 7502080618160704
7502080791389808 7502080791389809
7502080964618915 7502080964618916
7502081137848024 7502081137848025
7502081311077135 7502081311077136
7502081484306248 7502081484306249
7502081657535363 7502081657535364
7502081830764480 7502081830764481
7502082003993599 7502082003993600
7502082177222720 7502082177222721
7502082350451843 7502082350451844
7502082523680968 7502082523680969
7502082696910095 7502082696910096
7502082870139224 7502082870139225
7502083043368355 7502083043368356
7502083216597488 7502083216597489
7502083389826623 7502083389826624
7502083563055760 7502083563055761
7502083736284899 7502083736284900
7502083909514040 7502083909514041
7502084082743183 7502084082743184
7502084255972328 7502084255972329
7502084429201475 7502084429201476
7502084602430624 7502084602430625
7502084775659775 7502084775659776
7502084948888928 7502084948888929
7502085122118083 7502085122118084
7502085295347240 7502085295347241
7502085468576399 7502085468576400
7502085641805560 7502085641805561
7502085815034723 7502085815034724
7502085988263888 7502085988263889
7502086161493055 7502086161493056
7502086334722224 7502086334722225
7502086507951395 7502086507951396
7502086681180568 7502086681180569
7502086854409743 7502086854409744
7502087027638920 7502087027638921
7502087200868099 7502087200868100
7502087374097280 7502087374097281
7502087547326463 7502087547326464
7502087720555648 7502087720555649
7502087893784835 7502087893784836
7502088067014024 7502088067014025
7502088240243215 7502088240243216
7502088413472408 7502088413472409
7502088586701603 7502088586701604
7502088759930800 7502088759930801
7502088933159999 7502088933160000
7502089106389200 7502089106389201
7502089279618403 7502089279618404
7502089452847608 7502089452847609
7502089626076815 7502089626076816
7502089799306024 7502089799306025
7502089972535235 7502089972535236
7502090145764448 7502090145764449
7502090318993663 7502090318993664
7502090492222880 7502090492222881
7502090665452099 7502090665452100
7502090838681320 7502090838681321
7502091011910543 7502091011910544
7502091185139768 7502091185139769
7502091358368995 7502091358368996
7502091531598224 7502091531598225
7502091704827455 7502091704827456
7502091878056688 7502091878056689
7502092051285923 7502092051285924
7502092224515160 7502092224515161
7502092397744399 7502092397744400
7502092570973640 7502092570973641
7502092744202883 7502092744202884
7502092917432128 7502092917432129
7502093090661375 7502093090661376
7502093263890624 7502093263890625
7502093437119875 7502093437119876
7502093610349128 7502093610349129
7502093783578383 7502093783578384
7502093956807640 7502093956807641
7502094130036899 7502094130036900
7502094303266160 7502094303266161
7502094476495423 7502094476495424
7502094649724688 7502094649724689
7502094822953955 7502094822953956
7502094996183224 7502094996183225
7502095169412495 7502095169412496
7502095342641768 7502095342641769
7502095515871043 7502095515871044
7502095689100320 7502095689100321
7502095862329599 7502095862329600
7502096035558880 7502096035558881
7502096208788163 7502096208788164
7502096382017448 7502096382017449
7502096555246735 7502096555246736
7502096728476024 7502096728476025
7502096901705315 7502096901705316
7502097074934608 7502097074934609
7502097248163903 7502097248163904
7502097421393200 7502097421393201
7502097594622499 7502097594622500
7502097767851800 7502097767851801
7502097941081103 7502097941081104
7502098114310408 7502098114310409
7502098287539715 7502098287539716
7502098460769024 7502098460769025
7502098633998335 7502098633998336
7502098807227648 7502098807227649
7502098980456963 7502098980456964
7502099153686280 7502099153686281
7502099326915599 7502099326915600
7502099500144920 7502099500144921
7502099673374243 7502099673374244
7502099846603568 7502099846603569
7502100019832895 7502100019832896
7502100193062224 7502100193062225
7502100366291555 7502100366291556
7502100539520888 7502100539520889
7502100712750223 7502100712750224
7502100885979560 7502100885979561
7502101059208899 7502101059208900
7502101232438240 7502101232438241
7502101405667583 7502101405667584
7502101578896928 7502101578896929
7502101752126275 7502101752126276
7502101925355624 7502101925355625
7502102098584975 7502102098584976
7502102271814328 7502102271814329
7502102445043683 7502102445043684
7502102618273040 7502102618273041
7502102791502399 7502102791502400
7502102964731760 7502102964731761
7502103137961123 7502103137961124
7502103311190488 7502103311190489
7502103484419855 7502103484419856
7502103657649224 7502103657649225
7502103830878595 7502103830878596
7502104004107968 7502104004107969
7502104177337343 7502104177337344
7502104350566720 7502104350566721
7502104523796099 7502104523796100
7502104697025480 7502104697025481
7502104870254863 7502104870254864
7502105043484248 7502105043484249
7502105216713635 7502105216713636
7502105389943024 7502105389943025
7502105563172415 7502105563172416
7502105736401808 7502105736401809
7502105909631203 7502105909631204
7502106082860600 7502106082860601
7502106256089999 7502106256090000
7502106429319400 7502106429319401
7502106602548803 7502106602548804
7502106775778208 7502106775778209
7502106949007615 7502106949007616
7502107122237024 7502107122237025
7502107295466435 7502107295466436
7502107468695848 7502107468695849
7502107641925263 7502107641925264
7502107815154680 7502107815154681
7502107988384099 7502107988384100
7502108161613520 7502108161613521
7502108334842943 7502108334842944
7502108508072368 7502108508072369
7502108681301795 7502108681301796
7502108854531224 7502108854531225
7502109027760655 7502109027760656
7502109200990088 7502109200990089
7502109374219523 7502109374219524
7502109547448960 7502109547448961
7502109720678399 7502109720678400
7502109893907840 7502109893907841
7502110067137283 7502110067137284
7502110240366728 7502110240366729
7502110413596175 7502110413596176
7502110586825624 7502110586825625
7502110760055075 7502110760055076
7502110933284528 7502110933284529
7502111106513983 7502111106513984
7502111279743440 7502111279743441
7502111452972899 7502111452972900
7502111626202360 7502111626202361
7502111799431823 7502111799431824
7502111972661288 7502111972661289
7502112145890755 7502112145890756
7502112319120224 7502112319120225
7502112492349695 7502112492349696
7502112665579168 7502112665579169
7502112838808643 7502112838808644
7502113012038120 7502113012038121
7502113185267599 7502113185267600
7502113358497080 7502113358497081
7502113531726563 7502113531726564
86614742 86614743
